<?xml version="1.0" encoding="UTF-8"?>
<!-- Generated by org.testng.reporters.JUnitReportReporter -->
<testsuite hostname="AAYUSH" failures="0" tests="10" name="com.qa.opencart.test.ProductInfoPageTest" time="17.471" errors="0" timestamp="2025-08-23T23:11:26 IST" skipped="0">
  <testcase classname="com.qa.opencart.test.ProductInfoPageTest" name="productHeaderTest" time="1.402"/>
  <testcase classname="com.qa.opencart.test.ProductInfoPageTest" name="productHeaderTest" time="1.403"/>
  <testcase classname="com.qa.opencart.test.ProductInfoPageTest" name="productHeaderImageTest" time="1.666"/>
  <testcase classname="com.qa.opencart.test.ProductInfoPageTest" name="productHeaderImageTest" time="2.045"/>
  <testcase classname="com.qa.opencart.test.ProductInfoPageTest" name="productHeaderImageTest" time="1.988"/>
  <testcase classname="com.qa.opencart.test.ProductInfoPageTest" name="productHeaderImageTest" time="1.694"/>
  <testcase classname="com.qa.opencart.test.ProductInfoPageTest" name="productHeaderImageTest" time="3.259"/>
  <testcase classname="com.qa.opencart.test.ProductInfoPageTest" name="productHeaderTest" time="1.278"/>
  <testcase classname="com.qa.opencart.test.ProductInfoPageTest" name="productInfoTest" time="1.446"/>
  <testcase classname="com.qa.opencart.test.ProductInfoPageTest" name="productHeaderTest" time="1.290"/>
</testsuite> <!-- com.qa.opencart.test.ProductInfoPageTest -->
