<?xml version="1.0" encoding="UTF-8"?>
<!-- Generated by org.testng.reporters.JUnitReportReporter -->
<testsuite hostname="AAYUSH" failures="0" tests="1" name="com.qa.opencart.test.HomePageTest" time="2.270" errors="0" timestamp="2025-07-21T19:23:18 IST" skipped="0">
  <testcase classname="com.qa.opencart.test.HomePageTest" name="searchTest" time="2.270"/>
  <system-out/>
</testsuite> <!-- com.qa.opencart.test.HomePageTest -->
