<?xml version="1.0" encoding="UTF-8"?>
<!-- Generated by org.testng.reporters.JUnitReportReporter -->
<testsuite hostname="AAYUSH" failures="0" tests="12" name="com.qa.opencart.test.LoginPageTest" time="2.963" errors="0" timestamp="2025-08-23T23:11:26 IST" skipped="0">
  <testcase classname="com.qa.opencart.test.LoginPageTest" name="footerTest" time="0.185"/>
  <testcase classname="com.qa.opencart.test.LoginPageTest" name="logoTest" time="0.026"/>
  <testcase classname="com.qa.opencart.test.LoginPageTest" name="footerTest" time="0.197"/>
  <testcase classname="com.qa.opencart.test.LoginPageTest" name="loginPageUrlTest" time="0.014"/>
  <testcase classname="com.qa.opencart.test.LoginPageTest" name="forgetLPwdLinkTest" time="0.046"/>
  <testcase classname="com.qa.opencart.test.LoginPageTest" name="footerTest" time="0.185"/>
  <testcase classname="com.qa.opencart.test.LoginPageTest" name="loginPageTitleTest" time="0.020"/>
  <testcase classname="com.qa.opencart.test.LoginPageTest" name="footerTest" time="0.195"/>
  <testcase classname="com.qa.opencart.test.LoginPageTest" name="footerTest" time="0.156"/>
  <testcase classname="com.qa.opencart.test.LoginPageTest" name="footerTest" time="0.178"/>
  <testcase classname="com.qa.opencart.test.LoginPageTest" name="footerTest" time="0.181"/>
  <testcase classname="com.qa.opencart.test.LoginPageTest" name="loginTest" time="1.580"/>
</testsuite> <!-- com.qa.opencart.test.LoginPageTest -->
