<?xml version="1.0" encoding="UTF-8"?>
<!-- Generated by org.testng.reporters.JUnitReportReporter -->
<testsuite hostname="AAYUSH" failures="0" tests="4" name="com.qa.opencart.test.LoginPageTest" time="8.973" errors="0" timestamp="2025-07-21T18:57:55 IST" skipped="0">
  <testcase classname="com.qa.opencart.test.LoginPageTest" name="loginPageUrlTest" time="0.011"/>
  <system-out/>
  <testcase classname="com.qa.opencart.test.LoginPageTest" name="loginPageTitleTest" time="0.013"/>
  <system-out/>
  <testcase classname="com.qa.opencart.test.LoginPageTest" name="forgetLPwdLinkTest" time="0.081"/>
  <system-out/>
  <testcase classname="com.qa.opencart.test.LoginPageTest" name="loginTest" time="8.868"/>
  <system-out/>
</testsuite> <!-- com.qa.opencart.test.LoginPageTest -->
