<?xml version="1.0" encoding="UTF-8"?>
<!-- Generated by org.testng.reporters.JUnitReportReporter -->
<testsuite hostname="AAYUSH" failures="0" tests="12" name="com.qa.opencart.test.LoginPageTest" time="3.668" errors="0" timestamp="2025-08-23T18:49:00 IST" skipped="0">
  <testcase classname="com.qa.opencart.test.LoginPageTest" name="footerTest" time="0.215"/>
  <testcase classname="com.qa.opencart.test.LoginPageTest" name="footerTest" time="0.337"/>
  <testcase classname="com.qa.opencart.test.LoginPageTest" name="forgetLPwdLinkTest" time="0.048"/>
  <testcase classname="com.qa.opencart.test.LoginPageTest" name="logoTest" time="0.036"/>
  <testcase classname="com.qa.opencart.test.LoginPageTest" name="footerTest" time="0.198"/>
  <testcase classname="com.qa.opencart.test.LoginPageTest" name="loginPageUrlTest" time="0.026"/>
  <testcase classname="com.qa.opencart.test.LoginPageTest" name="footerTest" time="0.232"/>
  <testcase classname="com.qa.opencart.test.LoginPageTest" name="footerTest" time="0.203"/>
  <testcase classname="com.qa.opencart.test.LoginPageTest" name="footerTest" time="0.217"/>
  <testcase classname="com.qa.opencart.test.LoginPageTest" name="footerTest" time="0.202"/>
  <testcase classname="com.qa.opencart.test.LoginPageTest" name="loginPageTitleTest" time="0.036"/>
  <testcase classname="com.qa.opencart.test.LoginPageTest" name="loginTest" time="1.918"/>
</testsuite> <!-- com.qa.opencart.test.LoginPageTest -->
