<?xml version="1.0" encoding="UTF-8"?>
<!-- Generated by org.testng.reporters.JUnitReportReporter -->
<testsuite hostname="AAYUSH" failures="0" tests="10" name="com.qa.opencart.test.ProductInfoPageTest" time="22.698" errors="0" timestamp="2025-08-23T18:49:00 IST" skipped="0">
  <testcase classname="com.qa.opencart.test.ProductInfoPageTest" name="productHeaderImageTest" time="2.486"/>
  <testcase classname="com.qa.opencart.test.ProductInfoPageTest" name="productHeaderImageTest" time="1.996"/>
  <testcase classname="com.qa.opencart.test.ProductInfoPageTest" name="productHeaderTest" time="1.924"/>
  <testcase classname="com.qa.opencart.test.ProductInfoPageTest" name="productHeaderTest" time="1.611"/>
  <testcase classname="com.qa.opencart.test.ProductInfoPageTest" name="productHeaderImageTest" time="3.098"/>
  <testcase classname="com.qa.opencart.test.ProductInfoPageTest" name="productInfoTest" time="1.815"/>
  <testcase classname="com.qa.opencart.test.ProductInfoPageTest" name="productHeaderTest" time="1.933"/>
  <testcase classname="com.qa.opencart.test.ProductInfoPageTest" name="productHeaderTest" time="1.750"/>
  <testcase classname="com.qa.opencart.test.ProductInfoPageTest" name="productHeaderImageTest" time="2.237"/>
  <testcase classname="com.qa.opencart.test.ProductInfoPageTest" name="productHeaderImageTest" time="3.848"/>
</testsuite> <!-- com.qa.opencart.test.ProductInfoPageTest -->
